<?xml version="1.0" encoding="UTF-8"?>
<testsuite xmlns:xsi="http://www.w3.org/2001/XMLSchema-instance" xsi:noNamespaceSchemaLocation="https://maven.apache.org/surefire/maven-surefire-plugin/xsd/surefire-test-report.xsd" name="com.endava.app.RestfulbookerFirstTests" time="1.602" tests="3" errors="0" skipped="0" failures="0">
  <properties>
    <property name="gopherProxySet" value="false"/>
    <property name="awt.toolkit" value="sun.lwawt.macosx.LWCToolkit"/>
    <property name="file.encoding.pkg" value="sun.io"/>
    <property name="java.specification.version" value="1.8"/>
    <property name="sun.cpu.isalist" value=""/>
    <property name="sun.jnu.encoding" value="UTF-8"/>
    <property name="java.class.path" value="/Users/scabrales/Documents/Internship/Automation_Challenges/2021/API-Testing-Workshop-2021/api-testing-workshop/target/test-classes:/Users/scabrales/Documents/Internship/Automation_Challenges/2021/API-Testing-Workshop-2021/api-testing-workshop/target/classes:/Users/scabrales/.m2/repository/junit/junit/4.11/junit-4.11.jar:/Users/scabrales/.m2/repository/org/hamcrest/hamcrest-core/1.3/hamcrest-core-1.3.jar:/Users/scabrales/.m2/repository/io/rest-assured/rest-assured/3.0.7/rest-assured-3.0.7.jar:/Users/scabrales/.m2/repository/org/codehaus/groovy/groovy/2.4.12/groovy-2.4.12.jar:/Users/scabrales/.m2/repository/org/codehaus/groovy/groovy-xml/2.4.12/groovy-xml-2.4.12.jar:/Users/scabrales/.m2/repository/org/apache/httpcomponents/httpclient/4.5.3/httpclient-4.5.3.jar:/Users/scabrales/.m2/repository/org/apache/httpcomponents/httpcore/4.4.6/httpcore-4.4.6.jar:/Users/scabrales/.m2/repository/commons-logging/commons-logging/1.2/commons-logging-1.2.jar:/Users/scabrales/.m2/repository/commons-codec/commons-codec/1.9/commons-codec-1.9.jar:/Users/scabrales/.m2/repository/org/apache/httpcomponents/httpmime/4.5.1/httpmime-4.5.1.jar:/Users/scabrales/.m2/repository/org/hamcrest/hamcrest-library/1.3/hamcrest-library-1.3.jar:/Users/scabrales/.m2/repository/org/ccil/cowan/tagsoup/tagsoup/1.2.1/tagsoup-1.2.1.jar:/Users/scabrales/.m2/repository/io/rest-assured/json-path/3.0.7/json-path-3.0.7.jar:/Users/scabrales/.m2/repository/org/codehaus/groovy/groovy-json/2.4.12/groovy-json-2.4.12.jar:/Users/scabrales/.m2/repository/io/rest-assured/rest-assured-common/3.0.7/rest-assured-common-3.0.7.jar:/Users/scabrales/.m2/repository/io/rest-assured/xml-path/3.0.7/xml-path-3.0.7.jar:/Users/scabrales/.m2/repository/org/apache/commons/commons-lang3/3.4/commons-lang3-3.4.jar:/Users/scabrales/.m2/repository/javax/xml/bind/jaxb-api/2.2.12/jaxb-api-2.2.12.jar:/Users/scabrales/.m2/repository/com/google/code/gson/gson/2.8.5/gson-2.8.5.jar:"/>
    <property name="java.vm.vendor" value="AdoptOpenJDK"/>
    <property name="sun.arch.data.model" value="64"/>
    <property name="java.vendor.url" value="http://java.oracle.com/"/>
    <property name="user.timezone" value=""/>
    <property name="user.country.format" value="GB"/>
    <property name="java.vm.specification.version" value="1.8"/>
    <property name="os.name" value="Mac OS X"/>
    <property name="user.country" value="US"/>
    <property name="sun.java.launcher" value="SUN_STANDARD"/>
    <property name="sun.boot.library.path" value="/Library/Java/JavaVirtualMachines/adoptopenjdk-8.jdk/Contents/Home/jre/lib"/>
    <property name="sun.java.command" value="/Users/scabrales/Documents/Internship/Automation_Challenges/2021/API-Testing-Workshop-2021/api-testing-workshop/target/surefire/surefirebooter8990500407930062677.jar /Users/scabrales/Documents/Internship/Automation_Challenges/2021/API-Testing-Workshop-2021/api-testing-workshop/target/surefire 2021-02-15T15-39-37_879-jvmRun1 surefire8647411202573249199tmp surefire_08931426224597502053tmp"/>
    <property name="surefire.test.class.path" value="/Users/scabrales/Documents/Internship/Automation_Challenges/2021/API-Testing-Workshop-2021/api-testing-workshop/target/test-classes:/Users/scabrales/Documents/Internship/Automation_Challenges/2021/API-Testing-Workshop-2021/api-testing-workshop/target/classes:/Users/scabrales/.m2/repository/junit/junit/4.11/junit-4.11.jar:/Users/scabrales/.m2/repository/org/hamcrest/hamcrest-core/1.3/hamcrest-core-1.3.jar:/Users/scabrales/.m2/repository/io/rest-assured/rest-assured/3.0.7/rest-assured-3.0.7.jar:/Users/scabrales/.m2/repository/org/codehaus/groovy/groovy/2.4.12/groovy-2.4.12.jar:/Users/scabrales/.m2/repository/org/codehaus/groovy/groovy-xml/2.4.12/groovy-xml-2.4.12.jar:/Users/scabrales/.m2/repository/org/apache/httpcomponents/httpclient/4.5.3/httpclient-4.5.3.jar:/Users/scabrales/.m2/repository/org/apache/httpcomponents/httpcore/4.4.6/httpcore-4.4.6.jar:/Users/scabrales/.m2/repository/commons-logging/commons-logging/1.2/commons-logging-1.2.jar:/Users/scabrales/.m2/repository/commons-codec/commons-codec/1.9/commons-codec-1.9.jar:/Users/scabrales/.m2/repository/org/apache/httpcomponents/httpmime/4.5.1/httpmime-4.5.1.jar:/Users/scabrales/.m2/repository/org/hamcrest/hamcrest-library/1.3/hamcrest-library-1.3.jar:/Users/scabrales/.m2/repository/org/ccil/cowan/tagsoup/tagsoup/1.2.1/tagsoup-1.2.1.jar:/Users/scabrales/.m2/repository/io/rest-assured/json-path/3.0.7/json-path-3.0.7.jar:/Users/scabrales/.m2/repository/org/codehaus/groovy/groovy-json/2.4.12/groovy-json-2.4.12.jar:/Users/scabrales/.m2/repository/io/rest-assured/rest-assured-common/3.0.7/rest-assured-common-3.0.7.jar:/Users/scabrales/.m2/repository/io/rest-assured/xml-path/3.0.7/xml-path-3.0.7.jar:/Users/scabrales/.m2/repository/org/apache/commons/commons-lang3/3.4/commons-lang3-3.4.jar:/Users/scabrales/.m2/repository/javax/xml/bind/jaxb-api/2.2.12/jaxb-api-2.2.12.jar:/Users/scabrales/.m2/repository/com/google/code/gson/gson/2.8.5/gson-2.8.5.jar:"/>
    <property name="sun.cpu.endian" value="little"/>
    <property name="user.home" value="/Users/scabrales"/>
    <property name="user.language" value="en"/>
    <property name="java.specification.vendor" value="Oracle Corporation"/>
    <property name="java.home" value="/Library/Java/JavaVirtualMachines/adoptopenjdk-8.jdk/Contents/Home/jre"/>
    <property name="basedir" value="/Users/scabrales/Documents/Internship/Automation_Challenges/2021/API-Testing-Workshop-2021/api-testing-workshop"/>
    <property name="file.separator" value="/"/>
    <property name="line.separator" value="&#10;"/>
    <property name="java.vm.specification.vendor" value="Oracle Corporation"/>
    <property name="java.specification.name" value="Java Platform API Specification"/>
    <property name="java.awt.graphicsenv" value="sun.awt.CGraphicsEnvironment"/>
    <property name="surefire.real.class.path" value="/Users/scabrales/Documents/Internship/Automation_Challenges/2021/API-Testing-Workshop-2021/api-testing-workshop/target/surefire/surefirebooter8990500407930062677.jar"/>
    <property name="sun.boot.class.path" value="/Library/Java/JavaVirtualMachines/adoptopenjdk-8.jdk/Contents/Home/jre/lib/resources.jar:/Library/Java/JavaVirtualMachines/adoptopenjdk-8.jdk/Contents/Home/jre/lib/rt.jar:/Library/Java/JavaVirtualMachines/adoptopenjdk-8.jdk/Contents/Home/jre/lib/sunrsasign.jar:/Library/Java/JavaVirtualMachines/adoptopenjdk-8.jdk/Contents/Home/jre/lib/jsse.jar:/Library/Java/JavaVirtualMachines/adoptopenjdk-8.jdk/Contents/Home/jre/lib/jce.jar:/Library/Java/JavaVirtualMachines/adoptopenjdk-8.jdk/Contents/Home/jre/lib/charsets.jar:/Library/Java/JavaVirtualMachines/adoptopenjdk-8.jdk/Contents/Home/jre/lib/jfr.jar:/Library/Java/JavaVirtualMachines/adoptopenjdk-8.jdk/Contents/Home/jre/classes"/>
    <property name="sun.management.compiler" value="HotSpot 64-Bit Tiered Compilers"/>
    <property name="java.runtime.version" value="1.8.0_252-b09"/>
    <property name="user.name" value="scabrales"/>
    <property name="path.separator" value=":"/>
    <property name="os.version" value="10.14.6"/>
    <property name="java.endorsed.dirs" value="/Library/Java/JavaVirtualMachines/adoptopenjdk-8.jdk/Contents/Home/jre/lib/endorsed"/>
    <property name="java.runtime.name" value="OpenJDK Runtime Environment"/>
    <property name="file.encoding" value="UTF-8"/>
    <property name="java.vm.name" value="OpenJDK 64-Bit Server VM"/>
    <property name="localRepository" value="/Users/scabrales/.m2/repository"/>
    <property name="java.vendor.url.bug" value="http://bugreport.sun.com/bugreport/"/>
    <property name="java.io.tmpdir" value="/var/folders/jr/l0gyttq53l79wv4kz62cz90c0000gp/T/"/>
    <property name="java.version" value="1.8.0_252"/>
    <property name="user.dir" value="/Users/scabrales/Documents/Internship/Automation_Challenges/2021/API-Testing-Workshop-2021/api-testing-workshop"/>
    <property name="os.arch" value="x86_64"/>
    <property name="java.vm.specification.name" value="Java Virtual Machine Specification"/>
    <property name="java.awt.printerjob" value="sun.lwawt.macosx.CPrinterJob"/>
    <property name="sun.os.patch.level" value="unknown"/>
    <property name="java.library.path" value="/Users/scabrales/Library/Java/Extensions:/Library/Java/Extensions:/Network/Library/Java/Extensions:/System/Library/Java/Extensions:/usr/lib/java:."/>
    <property name="java.vm.info" value="mixed mode"/>
    <property name="java.vendor" value="AdoptOpenJDK"/>
    <property name="java.vm.version" value="25.252-b09"/>
    <property name="java.ext.dirs" value="/Users/scabrales/Library/Java/Extensions:/Library/Java/JavaVirtualMachines/adoptopenjdk-8.jdk/Contents/Home/jre/lib/ext:/Library/Java/Extensions:/Network/Library/Java/Extensions:/System/Library/Java/Extensions:/usr/lib/java"/>
    <property name="sun.io.unicode.encoding" value="UnicodeBig"/>
    <property name="java.class.version" value="52.0"/>
  </properties>
  <testcase name="restfulBookerGetBookingById" classname="com.endava.app.RestfulbookerFirstTests" time="0.558"/>
  <testcase name="restfulBookerFirstTest" classname="com.endava.app.RestfulbookerFirstTests" time="0.527"/>
  <testcase name="restfulBookerGetBookingByIdRefactored" classname="com.endava.app.RestfulbookerFirstTests" time="0.514"/>
</testsuite>